[2025-02-07T22:00:17.387+0900] {local_task_job_runner.py:123} INFO - ::group::Pre task execution logs
[2025-02-07T22:00:17.392+0900] {taskinstance.py:2613} INFO - Dependencies all met for dep_context=non-requeueable deps ti=<TaskInstance: run_four_python_files.run_analysis scheduled__2025-02-07T12:45:00+00:00 [queued]>
[2025-02-07T22:00:17.395+0900] {taskinstance.py:2613} INFO - Dependencies all met for dep_context=requeueable deps ti=<TaskInstance: run_four_python_files.run_analysis scheduled__2025-02-07T12:45:00+00:00 [queued]>
[2025-02-07T22:00:17.395+0900] {taskinstance.py:2866} INFO - Starting attempt 1 of 1
[2025-02-07T22:00:17.401+0900] {taskinstance.py:2889} INFO - Executing <Task(BashOperator): run_analysis> on 2025-02-07 12:45:00+00:00
[2025-02-07T22:00:17.408+0900] {logging_mixin.py:190} WARNING - /Users/jingyounglee/miniforge3/envs/bitcoin/lib/python3.12/site-packages/airflow/task/task_runner/standard_task_runner.py:70 DeprecationWarning: This process (pid=30989) is multi-threaded, use of fork() may lead to deadlocks in the child.
[2025-02-07T22:00:17.409+0900] {standard_task_runner.py:72} INFO - Started process 30992 to run task
[2025-02-07T22:00:17.407+0900] {standard_task_runner.py:104} INFO - Running: ['airflow', 'tasks', 'run', 'run_four_python_files', 'run_analysis', 'scheduled__2025-02-07T12:45:00+00:00', '--job-id', '62', '--raw', '--subdir', 'DAGS_FOLDER/run_four_files.py', '--cfg-path', '/var/folders/sp/pflbc_w93l76v3kjctmz_4tw0000gn/T/tmp6j5acclh']
[2025-02-07T22:00:17.409+0900] {standard_task_runner.py:105} INFO - Job 62: Subtask run_analysis
[2025-02-07T22:00:17.428+0900] {task_command.py:467} INFO - Running <TaskInstance: run_four_python_files.run_analysis scheduled__2025-02-07T12:45:00+00:00 [running]> on host macbook-pro-3.local
[2025-02-07T22:00:17.457+0900] {taskinstance.py:3132} INFO - Exporting env vars: AIRFLOW_CTX_DAG_OWNER='airflow' AIRFLOW_CTX_DAG_ID='run_four_python_files' AIRFLOW_CTX_TASK_ID='run_analysis' AIRFLOW_CTX_EXECUTION_DATE='2025-02-07T12:45:00+00:00' AIRFLOW_CTX_TRY_NUMBER='1' AIRFLOW_CTX_DAG_RUN_ID='scheduled__2025-02-07T12:45:00+00:00'
[2025-02-07T22:00:17.457+0900] {taskinstance.py:731} INFO - ::endgroup::
[2025-02-07T22:00:17.466+0900] {subprocess.py:78} INFO - Tmp dir root location: /var/folders/sp/pflbc_w93l76v3kjctmz_4tw0000gn/T
[2025-02-07T22:00:17.466+0900] {subprocess.py:88} INFO - Running command: ['/bin/bash', '-c', 'python model/analysis/load_and_analysis3.py']
[2025-02-07T22:00:17.470+0900] {subprocess.py:99} INFO - Output:
[2025-02-07T22:00:21.764+0900] {subprocess.py:106} INFO - 거래 로그가 'trade_log.csv'에 저장되었습니다.
[2025-02-07T22:00:21.766+0900] {subprocess.py:106} INFO - 레버리지가 5배로 설정되었습니다: {'symbol': 'BTCUSDT', 'leverage': 5, 'maxNotionalValue': '480000000'}
[2025-02-07T22:00:21.767+0900] {subprocess.py:106} INFO - 수행해야 하는 동작: 홀드
[2025-02-07T22:00:21.768+0900] {subprocess.py:106} INFO - 현재 BTCUSDT 포지션: NONE, 수량: 0.01
[2025-02-07T22:00:21.769+0900] {subprocess.py:106} INFO - 최종 포트폴리오 가치: 1.1393
[2025-02-07T22:00:21.769+0900] {subprocess.py:106} INFO - 전체 누적 수익률: 13.93%
[2025-02-07T22:00:22.316+0900] {subprocess.py:110} INFO - Command exited with return code 0
[2025-02-07T22:00:22.329+0900] {taskinstance.py:340} INFO - ::group::Post task execution logs
[2025-02-07T22:00:22.330+0900] {taskinstance.py:352} INFO - Marking task as SUCCESS. dag_id=run_four_python_files, task_id=run_analysis, run_id=scheduled__2025-02-07T12:45:00+00:00, execution_date=20250207T124500, start_date=20250207T130017, end_date=20250207T130022
[2025-02-07T22:00:22.357+0900] {local_task_job_runner.py:266} INFO - Task exited with return code 0
[2025-02-07T22:00:22.367+0900] {taskinstance.py:3895} INFO - 0 downstream tasks scheduled from follow-on schedule check
[2025-02-07T22:00:22.367+0900] {local_task_job_runner.py:245} INFO - ::endgroup::
