[2025-02-07T22:00:14.025+0900] {local_task_job_runner.py:123} INFO - ::group::Pre task execution logs
[2025-02-07T22:00:14.031+0900] {taskinstance.py:2613} INFO - Dependencies all met for dep_context=non-requeueable deps ti=<TaskInstance: run_four_python_files.run_silver scheduled__2025-02-07T12:45:00+00:00 [queued]>
[2025-02-07T22:00:14.034+0900] {taskinstance.py:2613} INFO - Dependencies all met for dep_context=requeueable deps ti=<TaskInstance: run_four_python_files.run_silver scheduled__2025-02-07T12:45:00+00:00 [queued]>
[2025-02-07T22:00:14.034+0900] {taskinstance.py:2866} INFO - Starting attempt 1 of 1
[2025-02-07T22:00:14.039+0900] {taskinstance.py:2889} INFO - Executing <Task(BashOperator): run_silver> on 2025-02-07 12:45:00+00:00
[2025-02-07T22:00:14.046+0900] {logging_mixin.py:190} WARNING - /Users/jingyounglee/miniforge3/envs/bitcoin/lib/python3.12/site-packages/airflow/task/task_runner/standard_task_runner.py:70 DeprecationWarning: This process (pid=30977) is multi-threaded, use of fork() may lead to deadlocks in the child.
[2025-02-07T22:00:14.046+0900] {standard_task_runner.py:72} INFO - Started process 30979 to run task
[2025-02-07T22:00:14.045+0900] {standard_task_runner.py:104} INFO - Running: ['airflow', 'tasks', 'run', 'run_four_python_files', 'run_silver', 'scheduled__2025-02-07T12:45:00+00:00', '--job-id', '60', '--raw', '--subdir', 'DAGS_FOLDER/run_four_files.py', '--cfg-path', '/var/folders/sp/pflbc_w93l76v3kjctmz_4tw0000gn/T/tmp6guf3jiv']
[2025-02-07T22:00:14.047+0900] {standard_task_runner.py:105} INFO - Job 60: Subtask run_silver
[2025-02-07T22:00:14.066+0900] {task_command.py:467} INFO - Running <TaskInstance: run_four_python_files.run_silver scheduled__2025-02-07T12:45:00+00:00 [running]> on host macbook-pro-3.local
[2025-02-07T22:00:14.095+0900] {taskinstance.py:3132} INFO - Exporting env vars: AIRFLOW_CTX_DAG_OWNER='airflow' AIRFLOW_CTX_DAG_ID='run_four_python_files' AIRFLOW_CTX_TASK_ID='run_silver' AIRFLOW_CTX_EXECUTION_DATE='2025-02-07T12:45:00+00:00' AIRFLOW_CTX_TRY_NUMBER='1' AIRFLOW_CTX_DAG_RUN_ID='scheduled__2025-02-07T12:45:00+00:00'
[2025-02-07T22:00:14.095+0900] {taskinstance.py:731} INFO - ::endgroup::
[2025-02-07T22:00:14.104+0900] {subprocess.py:78} INFO - Tmp dir root location: /var/folders/sp/pflbc_w93l76v3kjctmz_4tw0000gn/T
[2025-02-07T22:00:14.104+0900] {subprocess.py:88} INFO - Running command: ['/bin/bash', '-c', 'python silver/feature_extraction.py']
[2025-02-07T22:00:14.108+0900] {subprocess.py:99} INFO - Output:
[2025-02-07T22:00:14.463+0900] {subprocess.py:106} INFO - Processing bronze/BTC_USDT_15m.csv with prefix '15m' ...
[2025-02-07T22:00:14.463+0900] {subprocess.py:106} INFO - Saved processed data to processed_15m.csv
[2025-02-07T22:00:14.464+0900] {subprocess.py:106} INFO - 
[2025-02-07T22:00:14.464+0900] {subprocess.py:106} INFO - Processing bronze/BTC_USDT_1h.csv with prefix '1h' ...
[2025-02-07T22:00:14.464+0900] {subprocess.py:106} INFO - Saved processed data to processed_1h.csv
[2025-02-07T22:00:14.464+0900] {subprocess.py:106} INFO - 
[2025-02-07T22:00:14.464+0900] {subprocess.py:106} INFO - Processing bronze/BTC_USDT_4h.csv with prefix '4h' ...
[2025-02-07T22:00:14.465+0900] {subprocess.py:106} INFO - Saved processed data to processed_4h.csv
[2025-02-07T22:00:14.465+0900] {subprocess.py:106} INFO - 
[2025-02-07T22:00:14.465+0900] {subprocess.py:106} INFO - Processing bronze/BTC_USDT_1d.csv with prefix 'd' ...
[2025-02-07T22:00:14.465+0900] {subprocess.py:106} INFO - Saved processed data to processed_d.csv
[2025-02-07T22:00:14.465+0900] {subprocess.py:106} INFO - 
[2025-02-07T22:00:14.492+0900] {subprocess.py:110} INFO - Command exited with return code 0
[2025-02-07T22:00:14.501+0900] {taskinstance.py:340} INFO - ::group::Post task execution logs
[2025-02-07T22:00:14.502+0900] {taskinstance.py:352} INFO - Marking task as SUCCESS. dag_id=run_four_python_files, task_id=run_silver, run_id=scheduled__2025-02-07T12:45:00+00:00, execution_date=20250207T124500, start_date=20250207T130014, end_date=20250207T130014
[2025-02-07T22:00:14.520+0900] {local_task_job_runner.py:266} INFO - Task exited with return code 0
[2025-02-07T22:00:14.530+0900] {taskinstance.py:3895} INFO - 1 downstream tasks scheduled from follow-on schedule check
[2025-02-07T22:00:14.531+0900] {local_task_job_runner.py:245} INFO - ::endgroup::
