[2025-02-07T21:41:09.507+0900] {local_task_job_runner.py:123} INFO - ::group::Pre task execution logs
[2025-02-07T21:41:09.513+0900] {taskinstance.py:2613} INFO - Dependencies all met for dep_context=non-requeueable deps ti=<TaskInstance: run_four_python_files.run_silver scheduled__2025-02-07T12:40:00+00:00 [queued]>
[2025-02-07T21:41:09.516+0900] {taskinstance.py:2613} INFO - Dependencies all met for dep_context=requeueable deps ti=<TaskInstance: run_four_python_files.run_silver scheduled__2025-02-07T12:40:00+00:00 [queued]>
[2025-02-07T21:41:09.516+0900] {taskinstance.py:2866} INFO - Starting attempt 1 of 1
[2025-02-07T21:41:09.522+0900] {taskinstance.py:2889} INFO - Executing <Task(BashOperator): run_silver> on 2025-02-07 12:40:00+00:00
[2025-02-07T21:41:09.529+0900] {logging_mixin.py:190} WARNING - /Users/jingyounglee/miniforge3/envs/bitcoin/lib/python3.12/site-packages/airflow/task/task_runner/standard_task_runner.py:70 DeprecationWarning: This process (pid=29459) is multi-threaded, use of fork() may lead to deadlocks in the child.
[2025-02-07T21:41:09.530+0900] {standard_task_runner.py:72} INFO - Started process 29461 to run task
[2025-02-07T21:41:09.529+0900] {standard_task_runner.py:104} INFO - Running: ['airflow', 'tasks', 'run', 'run_four_python_files', 'run_silver', 'scheduled__2025-02-07T12:40:00+00:00', '--job-id', '44', '--raw', '--subdir', 'DAGS_FOLDER/run_four_files.py', '--cfg-path', '/var/folders/sp/pflbc_w93l76v3kjctmz_4tw0000gn/T/tmp4bis8qj1']
[2025-02-07T21:41:09.530+0900] {standard_task_runner.py:105} INFO - Job 44: Subtask run_silver
[2025-02-07T21:41:09.552+0900] {task_command.py:467} INFO - Running <TaskInstance: run_four_python_files.run_silver scheduled__2025-02-07T12:40:00+00:00 [running]> on host macbook-pro-3.local
[2025-02-07T21:41:09.584+0900] {taskinstance.py:3132} INFO - Exporting env vars: AIRFLOW_CTX_DAG_OWNER='airflow' AIRFLOW_CTX_DAG_ID='run_four_python_files' AIRFLOW_CTX_TASK_ID='run_silver' AIRFLOW_CTX_EXECUTION_DATE='2025-02-07T12:40:00+00:00' AIRFLOW_CTX_TRY_NUMBER='1' AIRFLOW_CTX_DAG_RUN_ID='scheduled__2025-02-07T12:40:00+00:00'
[2025-02-07T21:41:09.584+0900] {taskinstance.py:731} INFO - ::endgroup::
[2025-02-07T21:41:09.594+0900] {subprocess.py:78} INFO - Tmp dir root location: /var/folders/sp/pflbc_w93l76v3kjctmz_4tw0000gn/T
[2025-02-07T21:41:09.594+0900] {subprocess.py:88} INFO - Running command: ['/bin/bash', '-c', 'python silver/feature_extraction.py']
[2025-02-07T21:41:09.598+0900] {subprocess.py:99} INFO - Output:
[2025-02-07T21:41:09.967+0900] {subprocess.py:106} INFO - Processing bronze/BTC_USDT_15m.csv with prefix '15m' ...
[2025-02-07T21:41:09.968+0900] {subprocess.py:106} INFO - Saved processed data to processed_15m.csv
[2025-02-07T21:41:09.968+0900] {subprocess.py:106} INFO - 
[2025-02-07T21:41:09.968+0900] {subprocess.py:106} INFO - Processing bronze/BTC_USDT_1h.csv with prefix '1h' ...
[2025-02-07T21:41:09.969+0900] {subprocess.py:106} INFO - Saved processed data to processed_1h.csv
[2025-02-07T21:41:09.969+0900] {subprocess.py:106} INFO - 
[2025-02-07T21:41:09.969+0900] {subprocess.py:106} INFO - Processing bronze/BTC_USDT_4h.csv with prefix '4h' ...
[2025-02-07T21:41:09.969+0900] {subprocess.py:106} INFO - Saved processed data to processed_4h.csv
[2025-02-07T21:41:09.969+0900] {subprocess.py:106} INFO - 
[2025-02-07T21:41:09.970+0900] {subprocess.py:106} INFO - Processing bronze/BTC_USDT_1d.csv with prefix 'd' ...
[2025-02-07T21:41:09.970+0900] {subprocess.py:106} INFO - Saved processed data to processed_d.csv
[2025-02-07T21:41:09.970+0900] {subprocess.py:106} INFO - 
[2025-02-07T21:41:09.998+0900] {subprocess.py:110} INFO - Command exited with return code 0
[2025-02-07T21:41:10.008+0900] {taskinstance.py:340} INFO - ::group::Post task execution logs
[2025-02-07T21:41:10.009+0900] {taskinstance.py:352} INFO - Marking task as SUCCESS. dag_id=run_four_python_files, task_id=run_silver, run_id=scheduled__2025-02-07T12:40:00+00:00, execution_date=20250207T124000, start_date=20250207T124109, end_date=20250207T124110
[2025-02-07T21:41:10.029+0900] {local_task_job_runner.py:266} INFO - Task exited with return code 0
[2025-02-07T21:41:10.039+0900] {taskinstance.py:3895} INFO - 1 downstream tasks scheduled from follow-on schedule check
[2025-02-07T21:41:10.039+0900] {local_task_job_runner.py:245} INFO - ::endgroup::
